[04:56:45] 🏗️ 建立自己的完整資料庫
[04:56:45]    探測最新 ID...
[04:56:46]    最新 ID: 37308
[04:56:46]    需要抓: 37308 篇
[04:57:46]    100/37308 (0.3%) | 已抓 78 篇 | 錯誤 22 | 速度 1.7/秒 | 剩 ~372 分鐘
[04:58:47]    200/37308 (0.5%) | 已抓 168 篇 | 錯誤 32 | 速度 1.7/秒 | 剩 ~373 分鐘
[04:59:47]    300/37308 (0.8%) | 已抓 237 篇 | 錯誤 63 | 速度 1.7/秒 | 剩 ~371 分鐘
[05:00:49]    400/37308 (1.1%) | 已抓 319 篇 | 錯誤 81 | 速度 1.6/秒 | 剩 ~373 分鐘
[05:01:50]    500/37308 (1.3%) | 已抓 398 篇 | 錯誤 102 | 速度 1.6/秒 | 剩 ~372 分鐘
[05:02:50]    600/37308 (1.6%) | 已抓 476 篇 | 錯誤 124 | 速度 1.6/秒 | 剩 ~372 分鐘
[05:03:52]    700/37308 (1.9%) | 已抓 574 篇 | 錯誤 126 | 速度 1.6/秒 | 剩 ~371 分鐘
[05:04:52]    800/37308 (2.1%) | 已抓 665 篇 | 錯誤 135 | 速度 1.6/秒 | 剩 ~370 分鐘
[05:05:53]    900/37308 (2.4%) | 已抓 758 篇 | 錯誤 142 | 速度 1.6/秒 | 剩 ~368 分鐘
[05:06:53]    1000/37308 (2.7%) | 已抓 852 篇 | 錯誤 148 | 速度 1.6/秒 | 剩 ~367 分鐘
[05:07:53]    1100/37308 (2.9%) | 已抓 936 篇 | 錯誤 164 | 速度 1.6/秒 | 剩 ~366 分鐘
[05:08:52]    1200/37308 (3.2%) | 已抓 1012 篇 | 錯誤 188 | 速度 1.7/秒 | 剩 ~364 分鐘
[05:09:52]    1300/37308 (3.5%) | 已抓 1092 篇 | 錯誤 208 | 速度 1.7/秒 | 剩 ~363 分鐘
[05:10:52]    1400/37308 (3.8%) | 已抓 1180 篇 | 錯誤 220 | 速度 1.7/秒 | 剩 ~362 分鐘
[05:11:52]    1500/37308 (4.0%) | 已抓 1261 篇 | 錯誤 239 | 速度 1.7/秒 | 剩 ~360 分鐘
[05:12:50]    1600/37308 (4.3%) | 已抓 1359 篇 | 錯誤 241 | 速度 1.7/秒 | 剩 ~359 分鐘
[05:13:50]    1700/37308 (4.6%) | 已抓 1449 篇 | 錯誤 251 | 速度 1.7/秒 | 剩 ~357 分鐘
[05:14:49]    1800/37308 (4.8%) | 已抓 1543 篇 | 錯誤 257 | 速度 1.7/秒 | 剩 ~356 分鐘
[05:15:48]    1900/37308 (5.1%) | 已抓 1626 篇 | 錯誤 274 | 速度 1.7/秒 | 剩 ~355 分鐘
[05:16:47]    2000/37308 (5.4%) | 已抓 1722 篇 | 錯誤 278 | 速度 1.7/秒 | 剩 ~353 分鐘
[05:17:46]    2100/37308 (5.6%) | 已抓 1811 篇 | 錯誤 289 | 速度 1.7/秒 | 剩 ~352 分鐘
[05:18:46]    2200/37308 (5.9%) | 已抓 1900 篇 | 錯誤 300 | 速度 1.7/秒 | 剩 ~351 分鐘
[05:19:45]    2300/37308 (6.2%) | 已抓 1982 篇 | 錯誤 318 | 速度 1.7/秒 | 剩 ~350 分鐘
[05:20:46]    2400/37308 (6.4%) | 已抓 2056 篇 | 錯誤 344 | 速度 1.7/秒 | 剩 ~349 分鐘
[05:21:48]    2500/37308 (6.7%) | 已抓 2136 篇 | 錯誤 364 | 速度 1.7/秒 | 剩 ~348 分鐘
[05:22:52]    2600/37308 (7.0%) | 已抓 2212 篇 | 錯誤 388 | 速度 1.7/秒 | 剩 ~348 分鐘
[05:23:53]    2700/37308 (7.2%) | 已抓 2288 篇 | 錯誤 412 | 速度 1.7/秒 | 剩 ~348 分鐘
[05:24:52]    2800/37308 (7.5%) | 已抓 2358 篇 | 錯誤 442 | 速度 1.7/秒 | 剩 ~346 分鐘
[05:25:52]    2900/37308 (7.8%) | 已抓 2428 篇 | 錯誤 472 | 速度 1.7/秒 | 剩 ~345 分鐘
[05:26:53]    3000/37308 (8.0%) | 已抓 2501 篇 | 錯誤 499 | 速度 1.7/秒 | 剩 ~344 分鐘
[05:27:55]    3100/37308 (8.3%) | 已抓 2585 篇 | 錯誤 515 | 速度 1.7/秒 | 剩 ~344 分鐘
[05:28:55]    3200/37308 (8.6%) | 已抓 2668 篇 | 錯誤 532 | 速度 1.7/秒 | 剩 ~343 分鐘
[05:29:58]    3300/37308 (8.8%) | 已抓 2753 篇 | 錯誤 547 | 速度 1.7/秒 | 剩 ~342 分鐘
[05:31:01]    3400/37308 (9.1%) | 已抓 2834 篇 | 錯誤 566 | 速度 1.7/秒 | 剩 ~342 分鐘
[05:32:02]    3500/37308 (9.4%) | 已抓 2920 篇 | 錯誤 580 | 速度 1.7/秒 | 剩 ~341 分鐘
[05:33:02]    3600/37308 (9.6%) | 已抓 3000 篇 | 錯誤 600 | 速度 1.7/秒 | 剩 ~340 分鐘
[05:34:05]    3700/37308 (9.9%) | 已抓 3071 篇 | 錯誤 629 | 速度 1.7/秒 | 剩 ~339 分鐘
[05:35:06]    3800/37308 (10.2%) | 已抓 3160 篇 | 錯誤 640 | 速度 1.7/秒 | 剩 ~338 分鐘
[05:36:07]    3900/37308 (10.5%) | 已抓 3238 篇 | 錯誤 662 | 速度 1.7/秒 | 剩 ~337 分鐘
[05:37:10]    4000/37308 (10.7%) | 已抓 3320 篇 | 錯誤 680 | 速度 1.7/秒 | 剩 ~336 分鐘
[05:38:13]    4100/37308 (11.0%) | 已抓 3394 篇 | 錯誤 706 | 速度 1.6/秒 | 剩 ~336 分鐘
[05:39:15]    4200/37308 (11.3%) | 已抓 3476 篇 | 錯誤 724 | 速度 1.6/秒 | 剩 ~335 分鐘
[05:40:17]    4300/37308 (11.5%) | 已抓 3573 篇 | 錯誤 727 | 速度 1.6/秒 | 剩 ~334 分鐘
[05:41:18]    4400/37308 (11.8%) | 已抓 3666 篇 | 錯誤 734 | 速度 1.6/秒 | 剩 ~333 分鐘
[05:42:21]    4500/37308 (12.1%) | 已抓 3734 篇 | 錯誤 766 | 速度 1.6/秒 | 剩 ~332 分鐘
[05:43:21]    4600/37308 (12.3%) | 已抓 3822 篇 | 錯誤 778 | 速度 1.6/秒 | 剩 ~331 分鐘
[05:44:24]    4700/37308 (12.6%) | 已抓 3893 篇 | 錯誤 807 | 速度 1.6/秒 | 剩 ~330 分鐘
[05:45:26]    4800/37308 (12.9%) | 已抓 3975 篇 | 錯誤 825 | 速度 1.6/秒 | 剩 ~330 分鐘
[05:46:29]    4900/37308 (13.1%) | 已抓 4025 篇 | 錯誤 875 | 速度 1.6/秒 | 剩 ~329 分鐘
[05:47:32]    5000/37308 (13.4%) | 已抓 4082 篇 | 錯誤 918 | 速度 1.6/秒 | 剩 ~328 分鐘
[05:48:33]    5100/37308 (13.7%) | 已抓 4157 篇 | 錯誤 943 | 速度 1.6/秒 | 剩 ~327 分鐘
[05:49:34]    5200/37308 (13.9%) | 已抓 4228 篇 | 錯誤 972 | 速度 1.6/秒 | 剩 ~326 分鐘
[05:50:35]    5300/37308 (14.2%) | 已抓 4301 篇 | 錯誤 999 | 速度 1.6/秒 | 剩 ~325 分鐘
[05:51:37]    5400/37308 (14.5%) | 已抓 4376 篇 | 錯誤 1024 | 速度 1.6/秒 | 剩 ~324 分鐘
[05:52:38]    5500/37308 (14.7%) | 已抓 4440 篇 | 錯誤 1060 | 速度 1.6/秒 | 剩 ~323 分鐘
[05:53:39]    5600/37308 (15.0%) | 已抓 4524 篇 | 錯誤 1076 | 速度 1.6/秒 | 剩 ~322 分鐘
[05:54:41]    5700/37308 (15.3%) | 已抓 4604 篇 | 錯誤 1096 | 速度 1.6/秒 | 剩 ~321 分鐘
[05:55:42]    5800/37308 (15.5%) | 已抓 4680 篇 | 錯誤 1120 | 速度 1.6/秒 | 剩 ~320 分鐘
[05:56:44]    5900/37308 (15.8%) | 已抓 4735 篇 | 錯誤 1165 | 速度 1.6/秒 | 剩 ~319 分鐘
[05:57:47]    6000/37308 (16.1%) | 已抓 4827 篇 | 錯誤 1173 | 速度 1.6/秒 | 剩 ~318 分鐘
[05:58:48]    6100/37308 (16.4%) | 已抓 4900 篇 | 錯誤 1200 | 速度 1.6/秒 | 剩 ~317 分鐘
[05:59:49]    6200/37308 (16.6%) | 已抓 4961 篇 | 錯誤 1239 | 速度 1.6/秒 | 剩 ~316 分鐘
[06:00:51]    6300/37308 (16.9%) | 已抓 5041 篇 | 錯誤 1259 | 速度 1.6/秒 | 剩 ~315 分鐘
[06:01:53]    6400/37308 (17.2%) | 已抓 5109 篇 | 錯誤 1291 | 速度 1.6/秒 | 剩 ~314 分鐘
[06:02:55]    6500/37308 (17.4%) | 已抓 5194 篇 | 錯誤 1306 | 速度 1.6/秒 | 剩 ~313 分鐘
[06:03:58]    6600/37308 (17.7%) | 已抓 5261 篇 | 錯誤 1339 | 速度 1.6/秒 | 剩 ~313 分鐘
[06:05:01]    6700/37308 (18.0%) | 已抓 5346 篇 | 錯誤 1354 | 速度 1.6/秒 | 剩 ~312 分鐘
[06:06:03]    6800/37308 (18.2%) | 已抓 5421 篇 | 錯誤 1379 | 速度 1.6/秒 | 剩 ~311 分鐘
[06:07:06]    6900/37308 (18.5%) | 已抓 5509 篇 | 錯誤 1391 | 速度 1.6/秒 | 剩 ~310 分鐘
[06:08:08]    7000/37308 (18.8%) | 已抓 5580 篇 | 錯誤 1420 | 速度 1.6/秒 | 剩 ~309 分鐘
[06:09:09]    7100/37308 (19.0%) | 已抓 5654 篇 | 錯誤 1446 | 速度 1.6/秒 | 剩 ~308 分鐘
[06:10:10]    7200/37308 (19.3%) | 已抓 5729 篇 | 錯誤 1471 | 速度 1.6/秒 | 剩 ~307 分鐘
[06:11:13]    7300/37308 (19.6%) | 已抓 5823 篇 | 錯誤 1477 | 速度 1.6/秒 | 剩 ~306 分鐘
[06:12:15]    7400/37308 (19.8%) | 已抓 5894 篇 | 錯誤 1506 | 速度 1.6/秒 | 剩 ~305 分鐘
[06:13:16]    7500/37308 (20.1%) | 已抓 5962 篇 | 錯誤 1538 | 速度 1.6/秒 | 剩 ~304 分鐘
[06:14:18]    7600/37308 (20.4%) | 已抓 6041 篇 | 錯誤 1559 | 速度 1.6/秒 | 剩 ~303 分鐘
[06:15:19]    7700/37308 (20.6%) | 已抓 6130 篇 | 錯誤 1570 | 速度 1.6/秒 | 剩 ~302 分鐘
[06:16:20]    7800/37308 (20.9%) | 已抓 6190 篇 | 錯誤 1610 | 速度 1.6/秒 | 剩 ~301 分鐘
[06:17:21]    7900/37308 (21.2%) | 已抓 6253 篇 | 錯誤 1647 | 速度 1.6/秒 | 剩 ~300 分鐘
[06:18:22]    8000/37308 (21.4%) | 已抓 6318 篇 | 錯誤 1682 | 速度 1.6/秒 | 剩 ~299 分鐘
[06:19:25]    8100/37308 (21.7%) | 已抓 6401 篇 | 錯誤 1699 | 速度 1.6/秒 | 剩 ~298 分鐘
[06:20:27]    8200/37308 (22.0%) | 已抓 6479 篇 | 錯誤 1721 | 速度 1.6/秒 | 剩 ~297 分鐘
[06:21:28]    8300/37308 (22.2%) | 已抓 6555 篇 | 錯誤 1745 | 速度 1.6/秒 | 剩 ~296 分鐘
[06:22:29]    8400/37308 (22.5%) | 已抓 6637 篇 | 錯誤 1763 | 速度 1.6/秒 | 剩 ~295 分鐘
[06:23:30]    8500/37308 (22.8%) | 已抓 6706 篇 | 錯誤 1794 | 速度 1.6/秒 | 剩 ~294 分鐘
[06:24:32]    8600/37308 (23.1%) | 已抓 6788 篇 | 錯誤 1812 | 速度 1.6/秒 | 剩 ~293 分鐘
[06:25:33]    8700/37308 (23.3%) | 已抓 6867 篇 | 錯誤 1833 | 速度 1.6/秒 | 剩 ~292 分鐘
[06:26:34]    8800/37308 (23.6%) | 已抓 6939 篇 | 錯誤 1861 | 速度 1.6/秒 | 剩 ~291 分鐘
[06:27:34]    8900/37308 (23.9%) | 已抓 7001 篇 | 錯誤 1899 | 速度 1.6/秒 | 剩 ~290 分鐘
[06:28:35]    9000/37308 (24.1%) | 已抓 7091 篇 | 錯誤 1909 | 速度 1.6/秒 | 剩 ~289 分鐘
[06:29:37]    9100/37308 (24.4%) | 已抓 7175 篇 | 錯誤 1925 | 速度 1.6/秒 | 剩 ~288 分鐘
[06:30:39]    9200/37308 (24.7%) | 已抓 7262 篇 | 錯誤 1938 | 速度 1.6/秒 | 剩 ~287 分鐘
[06:31:40]    9300/37308 (24.9%) | 已抓 7327 篇 | 錯誤 1973 | 速度 1.6/秒 | 剩 ~286 分鐘
[06:32:40]    9400/37308 (25.2%) | 已抓 7401 篇 | 錯誤 1999 | 速度 1.6/秒 | 剩 ~285 分鐘
[06:33:41]    9500/37308 (25.5%) | 已抓 7478 篇 | 錯誤 2022 | 速度 1.6/秒 | 剩 ~284 分鐘
[06:34:42]    9600/37308 (25.7%) | 已抓 7557 篇 | 錯誤 2043 | 速度 1.6/秒 | 剩 ~283 分鐘
[06:35:42]    9700/37308 (26.0%) | 已抓 7637 篇 | 錯誤 2063 | 速度 1.6/秒 | 剩 ~282 分鐘
[06:36:43]    9800/37308 (26.3%) | 已抓 7715 篇 | 錯誤 2085 | 速度 1.6/秒 | 剩 ~281 分鐘
[06:37:47]    9900/37308 (26.5%) | 已抓 7792 篇 | 錯誤 2108 | 速度 1.6/秒 | 剩 ~280 分鐘
[06:38:47]    10000/37308 (26.8%) | 已抓 7867 篇 | 錯誤 2133 | 速度 1.6/秒 | 剩 ~279 分鐘
[06:39:48]    10100/37308 (27.1%) | 已抓 7950 篇 | 錯誤 2150 | 速度 1.6/秒 | 剩 ~278 分鐘
[06:40:51]    10200/37308 (27.3%) | 已抓 8023 篇 | 錯誤 2177 | 速度 1.6/秒 | 剩 ~277 分鐘
[06:41:52]    10300/37308 (27.6%) | 已抓 8089 篇 | 錯誤 2211 | 速度 1.6/秒 | 剩 ~276 分鐘
[06:42:54]    10400/37308 (27.9%) | 已抓 8170 篇 | 錯誤 2230 | 速度 1.6/秒 | 剩 ~275 分鐘
[06:43:55]    10500/37308 (28.1%) | 已抓 8257 篇 | 錯誤 2243 | 速度 1.6/秒 | 剩 ~274 分鐘
[06:44:56]    10600/37308 (28.4%) | 已抓 8337 篇 | 錯誤 2263 | 速度 1.6/秒 | 剩 ~273 分鐘
[06:45:58]    10700/37308 (28.7%) | 已抓 8421 篇 | 錯誤 2279 | 速度 1.6/秒 | 剩 ~272 分鐘
[06:47:01]    10800/37308 (28.9%) | 已抓 8502 篇 | 錯誤 2298 | 速度 1.6/秒 | 剩 ~271 分鐘
[06:48:03]    10900/37308 (29.2%) | 已抓 8582 篇 | 錯誤 2318 | 速度 1.6/秒 | 剩 ~270 分鐘
[06:49:05]    11000/37308 (29.5%) | 已抓 8667 篇 | 錯誤 2333 | 速度 1.6/秒 | 剩 ~269 分鐘
[06:50:07]    11100/37308 (29.8%) | 已抓 8759 篇 | 錯誤 2341 | 速度 1.6/秒 | 剩 ~268 分鐘
[06:51:08]    11200/37308 (30.0%) | 已抓 8838 篇 | 錯誤 2362 | 速度 1.6/秒 | 剩 ~267 分鐘
[06:52:08]    11300/37308 (30.3%) | 已抓 8915 篇 | 錯誤 2385 | 速度 1.6/秒 | 剩 ~266 分鐘
[06:53:10]    11400/37308 (30.6%) | 已抓 9010 篇 | 錯誤 2390 | 速度 1.6/秒 | 剩 ~265 分鐘
[06:54:11]    11500/37308 (30.8%) | 已抓 9074 篇 | 錯誤 2426 | 速度 1.6/秒 | 剩 ~264 分鐘
[06:55:14]    11600/37308 (31.1%) | 已抓 9144 篇 | 錯誤 2456 | 速度 1.6/秒 | 剩 ~263 分鐘
[06:56:16]    11700/37308 (31.4%) | 已抓 9225 篇 | 錯誤 2475 | 速度 1.6/秒 | 剩 ~262 分鐘
[06:57:16]    11800/37308 (31.6%) | 已抓 9297 篇 | 錯誤 2503 | 速度 1.6/秒 | 剩 ~260 分鐘
[06:58:18]    11900/37308 (31.9%) | 已抓 9358 篇 | 錯誤 2542 | 速度 1.6/秒 | 剩 ~259 分鐘
[06:59:18]    12000/37308 (32.2%) | 已抓 9431 篇 | 錯誤 2569 | 速度 1.6/秒 | 剩 ~258 分鐘
[07:00:19]    12100/37308 (32.4%) | 已抓 9512 篇 | 錯誤 2588 | 速度 1.6/秒 | 剩 ~257 分鐘
[07:01:19]    12200/37308 (32.7%) | 已抓 9602 篇 | 錯誤 2598 | 速度 1.6/秒 | 剩 ~256 分鐘
[07:02:23]    12300/37308 (33.0%) | 已抓 9690 篇 | 錯誤 2610 | 速度 1.6/秒 | 剩 ~255 分鐘
[07:03:24]    12400/37308 (33.2%) | 已抓 9778 篇 | 錯誤 2622 | 速度 1.6/秒 | 剩 ~254 分鐘
[07:04:25]    12500/37308 (33.5%) | 已抓 9861 篇 | 錯誤 2639 | 速度 1.6/秒 | 剩 ~253 分鐘
[07:05:26]    12600/37308 (33.8%) | 已抓 9929 篇 | 錯誤 2671 | 速度 1.6/秒 | 剩 ~252 分鐘
[07:06:28]    12700/37308 (34.0%) | 已抓 10023 篇 | 錯誤 2677 | 速度 1.6/秒 | 剩 ~251 分鐘
[07:07:29]    12800/37308 (34.3%) | 已抓 10099 篇 | 錯誤 2701 | 速度 1.6/秒 | 剩 ~250 分鐘
[07:08:32]    12900/37308 (34.6%) | 已抓 10179 篇 | 錯誤 2721 | 速度 1.6/秒 | 剩 ~249 分鐘
[07:09:33]    13000/37308 (34.8%) | 已抓 10260 篇 | 錯誤 2740 | 速度 1.6/秒 | 剩 ~248 分鐘
[07:10:37]    13100/37308 (35.1%) | 已抓 10353 篇 | 錯誤 2747 | 速度 1.6/秒 | 剩 ~247 分鐘
[07:11:37]    13200/37308 (35.4%) | 已抓 10432 篇 | 錯誤 2768 | 速度 1.6/秒 | 剩 ~246 分鐘
[07:12:38]    13300/37308 (35.6%) | 已抓 10515 篇 | 錯誤 2785 | 速度 1.6/秒 | 剩 ~245 分鐘
[07:13:39]    13400/37308 (35.9%) | 已抓 10601 篇 | 錯誤 2799 | 速度 1.6/秒 | 剩 ~244 分鐘
[07:14:40]    13500/37308 (36.2%) | 已抓 10692 篇 | 錯誤 2808 | 速度 1.6/秒 | 剩 ~243 分鐘
[07:15:40]    13600/37308 (36.5%) | 已抓 10787 篇 | 錯誤 2813 | 速度 1.6/秒 | 剩 ~242 分鐘
[07:16:43]    13700/37308 (36.7%) | 已抓 10878 篇 | 錯誤 2822 | 速度 1.6/秒 | 剩 ~241 分鐘
[07:17:47]    13800/37308 (37.0%) | 已抓 10966 篇 | 錯誤 2834 | 速度 1.6/秒 | 剩 ~240 分鐘
[07:18:47]    13900/37308 (37.3%) | 已抓 11048 篇 | 錯誤 2852 | 速度 1.6/秒 | 剩 ~239 分鐘
[07:19:48]    14000/37308 (37.5%) | 已抓 11132 篇 | 錯誤 2868 | 速度 1.6/秒 | 剩 ~238 分鐘
[07:20:52]    14100/37308 (37.8%) | 已抓 11224 篇 | 錯誤 2876 | 速度 1.6/秒 | 剩 ~237 分鐘
[07:21:57]    14200/37308 (38.1%) | 已抓 11305 篇 | 錯誤 2895 | 速度 1.6/秒 | 剩 ~236 分鐘
[07:22:58]    14300/37308 (38.3%) | 已抓 11385 篇 | 錯誤 2915 | 速度 1.6/秒 | 剩 ~235 分鐘
[07:23:59]    14400/37308 (38.6%) | 已抓 11468 篇 | 錯誤 2932 | 速度 1.6/秒 | 剩 ~234 分鐘
[07:24:58]    14500/37308 (38.9%) | 已抓 11551 篇 | 錯誤 2949 | 速度 1.6/秒 | 剩 ~233 分鐘
[07:25:58]    14600/37308 (39.1%) | 已抓 11610 篇 | 錯誤 2990 | 速度 1.6/秒 | 剩 ~232 分鐘
[07:26:59]    14700/37308 (39.4%) | 已抓 11681 篇 | 錯誤 3019 | 速度 1.6/秒 | 剩 ~231 分鐘
[07:28:02]    14800/37308 (39.7%) | 已抓 11756 篇 | 錯誤 3044 | 速度 1.6/秒 | 剩 ~230 分鐘
[07:29:02]    14900/37308 (39.9%) | 已抓 11846 篇 | 錯誤 3054 | 速度 1.6/秒 | 剩 ~229 分鐘
[07:30:04]    15000/37308 (40.2%) | 已抓 11924 篇 | 錯誤 3076 | 速度 1.6/秒 | 剩 ~228 分鐘
[07:31:05]    15100/37308 (40.5%) | 已抓 12008 篇 | 錯誤 3092 | 速度 1.6/秒 | 剩 ~227 分鐘
[07:32:06]    15200/37308 (40.7%) | 已抓 12078 篇 | 錯誤 3122 | 速度 1.6/秒 | 剩 ~226 分鐘
[07:33:06]    15300/37308 (41.0%) | 已抓 12158 篇 | 錯誤 3142 | 速度 1.6/秒 | 剩 ~225 分鐘
[07:34:06]    15400/37308 (41.3%) | 已抓 12241 篇 | 錯誤 3159 | 速度 1.6/秒 | 剩 ~224 分鐘
[07:35:07]    15500/37308 (41.5%) | 已抓 12307 篇 | 錯誤 3193 | 速度 1.6/秒 | 剩 ~223 分鐘
[07:36:07]    15600/37308 (41.8%) | 已抓 12360 篇 | 錯誤 3240 | 速度 1.6/秒 | 剩 ~222 分鐘
[07:37:09]    15700/37308 (42.1%) | 已抓 12432 篇 | 錯誤 3268 | 速度 1.6/秒 | 剩 ~221 分鐘
[07:38:09]    15800/37308 (42.4%) | 已抓 12500 篇 | 錯誤 3300 | 速度 1.6/秒 | 剩 ~220 分鐘
[07:39:09]    15900/37308 (42.6%) | 已抓 12571 篇 | 錯誤 3329 | 速度 1.6/秒 | 剩 ~219 分鐘
[07:40:10]    16000/37308 (42.9%) | 已抓 12648 篇 | 錯誤 3352 | 速度 1.6/秒 | 剩 ~218 分鐘
[07:41:10]    16100/37308 (43.2%) | 已抓 12728 篇 | 錯誤 3372 | 速度 1.6/秒 | 剩 ~217 分鐘
[07:42:10]    16200/37308 (43.4%) | 已抓 12796 篇 | 錯誤 3404 | 速度 1.6/秒 | 剩 ~216 分鐘
[07:43:09]    16300/37308 (43.7%) | 已抓 12892 篇 | 錯誤 3408 | 速度 1.6/秒 | 剩 ~214 分鐘
[07:44:07]    16400/37308 (44.0%) | 已抓 12973 篇 | 錯誤 3427 | 速度 1.6/秒 | 剩 ~213 分鐘
[07:45:06]    16500/37308 (44.2%) | 已抓 13037 篇 | 錯誤 3463 | 速度 1.6/秒 | 剩 ~212 分鐘
[07:46:05]    16600/37308 (44.5%) | 已抓 13126 篇 | 錯誤 3474 | 速度 1.6/秒 | 剩 ~211 分鐘
[07:47:04]    16700/37308 (44.8%) | 已抓 13207 篇 | 錯誤 3493 | 速度 1.6/秒 | 剩 ~210 分鐘
[07:48:02]    16800/37308 (45.0%) | 已抓 13301 篇 | 錯誤 3499 | 速度 1.6/秒 | 剩 ~209 分鐘
[07:49:02]    16900/37308 (45.3%) | 已抓 13386 篇 | 錯誤 3514 | 速度 1.6/秒 | 剩 ~208 分鐘
[07:50:00]    17000/37308 (45.6%) | 已抓 13478 篇 | 錯誤 3522 | 速度 1.6/秒 | 剩 ~207 分鐘
[07:51:00]    17100/37308 (45.8%) | 已抓 13568 篇 | 錯誤 3532 | 速度 1.6/秒 | 剩 ~206 分鐘
[07:52:01]    17200/37308 (46.1%) | 已抓 13649 篇 | 錯誤 3551 | 速度 1.6/秒 | 剩 ~205 分鐘
[07:53:03]    17300/37308 (46.4%) | 已抓 13732 篇 | 錯誤 3568 | 速度 1.6/秒 | 剩 ~204 分鐘
[07:54:04]    17400/37308 (46.6%) | 已抓 13810 篇 | 錯誤 3590 | 速度 1.6/秒 | 剩 ~203 分鐘
[07:55:03]    17500/37308 (46.9%) | 已抓 13899 篇 | 錯誤 3601 | 速度 1.6/秒 | 剩 ~202 分鐘
[07:56:03]    17600/37308 (47.2%) | 已抓 13982 篇 | 錯誤 3618 | 速度 1.6/秒 | 剩 ~201 分鐘
[07:57:05]    17700/37308 (47.4%) | 已抓 14073 篇 | 錯誤 3627 | 速度 1.6/秒 | 剩 ~200 分鐘
[07:58:06]    17800/37308 (47.7%) | 已抓 14150 篇 | 錯誤 3650 | 速度 1.6/秒 | 剩 ~199 分鐘
[07:59:07]    17900/37308 (48.0%) | 已抓 14245 篇 | 錯誤 3655 | 速度 1.6/秒 | 剩 ~198 分鐘
[08:00:10]    18000/37308 (48.2%) | 已抓 14331 篇 | 錯誤 3669 | 速度 1.6/秒 | 剩 ~197 分鐘
[08:01:11]    18100/37308 (48.5%) | 已抓 14423 篇 | 錯誤 3677 | 速度 1.6/秒 | 剩 ~196 分鐘
[08:02:12]    18200/37308 (48.8%) | 已抓 14517 篇 | 錯誤 3683 | 速度 1.6/秒 | 剩 ~195 分鐘
[08:03:14]    18300/37308 (49.1%) | 已抓 14608 篇 | 錯誤 3692 | 速度 1.6/秒 | 剩 ~194 分鐘
[08:04:15]    18400/37308 (49.3%) | 已抓 14664 篇 | 錯誤 3736 | 速度 1.6/秒 | 剩 ~193 分鐘
[08:05:16]    18500/37308 (49.6%) | 已抓 14748 篇 | 錯誤 3752 | 速度 1.6/秒 | 剩 ~192 分鐘
[08:06:15]    18600/37308 (49.9%) | 已抓 14836 篇 | 錯誤 3764 | 速度 1.6/秒 | 剩 ~191 分鐘
[08:07:17]    18700/37308 (50.1%) | 已抓 14932 篇 | 錯誤 3768 | 速度 1.6/秒 | 剩 ~190 分鐘
[08:08:17]    18800/37308 (50.4%) | 已抓 15023 篇 | 錯誤 3777 | 速度 1.6/秒 | 剩 ~189 分鐘
[08:09:18]    18900/37308 (50.7%) | 已抓 15064 篇 | 錯誤 3836 | 速度 1.6/秒 | 剩 ~188 分鐘
[08:10:21]    19000/37308 (50.9%) | 已抓 15102 篇 | 錯誤 3898 | 速度 1.6/秒 | 剩 ~187 分鐘
[08:11:23]    19100/37308 (51.2%) | 已抓 15194 篇 | 錯誤 3906 | 速度 1.6/秒 | 剩 ~186 分鐘
[08:12:23]    19200/37308 (51.5%) | 已抓 15247 篇 | 錯誤 3953 | 速度 1.6/秒 | 剩 ~184 分鐘
[08:13:25]    19300/37308 (51.7%) | 已抓 15294 篇 | 錯誤 4006 | 速度 1.6/秒 | 剩 ~183 分鐘
[08:14:27]    19400/37308 (52.0%) | 已抓 15372 篇 | 錯誤 4028 | 速度 1.6/秒 | 剩 ~182 分鐘
[08:15:27]    19500/37308 (52.3%) | 已抓 15449 篇 | 錯誤 4051 | 速度 1.6/秒 | 剩 ~181 分鐘
[08:16:28]    19600/37308 (52.5%) | 已抓 15496 篇 | 錯誤 4104 | 速度 1.6/秒 | 剩 ~180 分鐘
[08:17:30]    19700/37308 (52.8%) | 已抓 15552 篇 | 錯誤 4148 | 速度 1.6/秒 | 剩 ~179 分鐘
[08:18:32]    19800/37308 (53.1%) | 已抓 15611 篇 | 錯誤 4189 | 速度 1.6/秒 | 剩 ~178 分鐘
[08:19:32]    19900/37308 (53.3%) | 已抓 15683 篇 | 錯誤 4217 | 速度 1.6/秒 | 剩 ~177 分鐘
[08:20:33]    20000/37308 (53.6%) | 已抓 15764 篇 | 錯誤 4236 | 速度 1.6/秒 | 剩 ~176 分鐘
[08:21:34]    20100/37308 (53.9%) | 已抓 15844 篇 | 錯誤 4256 | 速度 1.6/秒 | 剩 ~175 分鐘
[08:22:34]    20200/37308 (54.1%) | 已抓 15936 篇 | 錯誤 4264 | 速度 1.6/秒 | 剩 ~174 分鐘
[08:23:36]    20300/37308 (54.4%) | 已抓 16020 篇 | 錯誤 4280 | 速度 1.6/秒 | 剩 ~173 分鐘
[08:24:36]    20400/37308 (54.7%) | 已抓 16102 篇 | 錯誤 4298 | 速度 1.6/秒 | 剩 ~172 分鐘
[08:25:39]    20500/37308 (54.9%) | 已抓 16160 篇 | 錯誤 4340 | 速度 1.6/秒 | 剩 ~171 分鐘
[08:26:39]    20600/37308 (55.2%) | 已抓 16236 篇 | 錯誤 4364 | 速度 1.6/秒 | 剩 ~170 分鐘
[08:27:41]    20700/37308 (55.5%) | 已抓 16322 篇 | 錯誤 4378 | 速度 1.6/秒 | 剩 ~169 分鐘
[08:28:44]    20800/37308 (55.8%) | 已抓 16391 篇 | 錯誤 4409 | 速度 1.6/秒 | 剩 ~168 分鐘
[08:29:45]    20900/37308 (56.0%) | 已抓 16478 篇 | 錯誤 4422 | 速度 1.6/秒 | 剩 ~167 分鐘
[08:30:49]    21000/37308 (56.3%) | 已抓 16562 篇 | 錯誤 4438 | 速度 1.6/秒 | 剩 ~166 分鐘
[08:31:51]    21100/37308 (56.6%) | 已抓 16613 篇 | 錯誤 4487 | 速度 1.6/秒 | 剩 ~165 分鐘
[08:32:52]    21200/37308 (56.8%) | 已抓 16672 篇 | 錯誤 4528 | 速度 1.6/秒 | 剩 ~164 分鐘
[08:33:53]    21300/37308 (57.1%) | 已抓 16752 篇 | 錯誤 4548 | 速度 1.6/秒 | 剩 ~163 分鐘
[08:34:54]    21400/37308 (57.4%) | 已抓 16839 篇 | 錯誤 4561 | 速度 1.6/秒 | 剩 ~162 分鐘
[08:35:56]    21500/37308 (57.6%) | 已抓 16929 篇 | 錯誤 4571 | 速度 1.6/秒 | 剩 ~161 分鐘
[08:36:57]    21600/37308 (57.9%) | 已抓 17014 篇 | 錯誤 4586 | 速度 1.6/秒 | 剩 ~160 分鐘
[08:37:59]    21700/37308 (58.2%) | 已抓 17096 篇 | 錯誤 4604 | 速度 1.6/秒 | 剩 ~159 分鐘
[08:38:58]    21800/37308 (58.4%) | 已抓 17180 篇 | 錯誤 4620 | 速度 1.6/秒 | 剩 ~158 分鐘
[08:39:59]    21900/37308 (58.7%) | 已抓 17267 篇 | 錯誤 4633 | 速度 1.6/秒 | 剩 ~157 分鐘
[08:41:00]    22000/37308 (59.0%) | 已抓 17350 篇 | 錯誤 4650 | 速度 1.6/秒 | 剩 ~156 分鐘
[08:42:02]    22100/37308 (59.2%) | 已抓 17442 篇 | 錯誤 4658 | 速度 1.6/秒 | 剩 ~155 分鐘
[08:43:02]    22200/37308 (59.5%) | 已抓 17531 篇 | 錯誤 4669 | 速度 1.6/秒 | 剩 ~154 分鐘
[08:44:03]    22300/37308 (59.8%) | 已抓 17616 篇 | 錯誤 4684 | 速度 1.6/秒 | 剩 ~153 分鐘
[08:45:03]    22400/37308 (60.0%) | 已抓 17704 篇 | 錯誤 4696 | 速度 1.6/秒 | 剩 ~152 分鐘
[08:46:04]    22500/37308 (60.3%) | 已抓 17785 篇 | 錯誤 4715 | 速度 1.6/秒 | 剩 ~151 分鐘
[08:47:05]    22600/37308 (60.6%) | 已抓 17882 篇 | 錯誤 4718 | 速度 1.6/秒 | 剩 ~150 分鐘
[08:48:06]    22700/37308 (60.8%) | 已抓 17965 篇 | 錯誤 4735 | 速度 1.6/秒 | 剩 ~149 分鐘
[08:49:07]    22800/37308 (61.1%) | 已抓 18060 篇 | 錯誤 4740 | 速度 1.6/秒 | 剩 ~148 分鐘
[08:50:07]    22900/37308 (61.4%) | 已抓 18150 篇 | 錯誤 4750 | 速度 1.6/秒 | 剩 ~147 分鐘
[08:51:09]    23000/37308 (61.6%) | 已抓 18238 篇 | 錯誤 4762 | 速度 1.6/秒 | 剩 ~146 分鐘
[08:52:11]    23100/37308 (61.9%) | 已抓 18332 篇 | 錯誤 4768 | 速度 1.6/秒 | 剩 ~145 分鐘
[08:53:13]    23200/37308 (62.2%) | 已抓 18417 篇 | 錯誤 4783 | 速度 1.6/秒 | 剩 ~144 分鐘
[08:54:15]    23300/37308 (62.5%) | 已抓 18489 篇 | 錯誤 4811 | 速度 1.6/秒 | 剩 ~143 分鐘
[08:55:17]    23400/37308 (62.7%) | 已抓 18571 篇 | 錯誤 4829 | 速度 1.6/秒 | 剩 ~142 分鐘
[08:56:18]    23500/37308 (63.0%) | 已抓 18625 篇 | 錯誤 4875 | 速度 1.6/秒 | 剩 ~141 分鐘
[08:57:19]    23600/37308 (63.3%) | 已抓 18697 篇 | 錯誤 4903 | 速度 1.6/秒 | 剩 ~140 分鐘
[08:58:19]    23700/37308 (63.5%) | 已抓 18764 篇 | 錯誤 4936 | 速度 1.6/秒 | 剩 ~139 分鐘
[08:59:20]    23800/37308 (63.8%) | 已抓 18837 篇 | 錯誤 4963 | 速度 1.6/秒 | 剩 ~138 分鐘
[09:00:20]    23900/37308 (64.1%) | 已抓 18900 篇 | 錯誤 5000 | 速度 1.6/秒 | 剩 ~137 分鐘
[09:01:22]    24000/37308 (64.3%) | 已抓 18981 篇 | 錯誤 5019 | 速度 1.6/秒 | 剩 ~136 分鐘
[09:02:24]    24100/37308 (64.6%) | 已抓 19057 篇 | 錯誤 5043 | 速度 1.6/秒 | 剩 ~135 分鐘
[09:03:25]    24200/37308 (64.9%) | 已抓 19142 篇 | 錯誤 5058 | 速度 1.6/秒 | 剩 ~134 分鐘
[09:04:26]    24300/37308 (65.1%) | 已抓 19195 篇 | 錯誤 5105 | 速度 1.6/秒 | 剩 ~133 分鐘
[09:05:27]    24400/37308 (65.4%) | 已抓 19269 篇 | 錯誤 5131 | 速度 1.6/秒 | 剩 ~132 分鐘
[09:06:27]    24500/37308 (65.7%) | 已抓 19350 篇 | 錯誤 5150 | 速度 1.6/秒 | 剩 ~131 分鐘
[09:07:30]    24600/37308 (65.9%) | 已抓 19440 篇 | 錯誤 5160 | 速度 1.6/秒 | 剩 ~130 分鐘
[09:08:30]    24700/37308 (66.2%) | 已抓 19517 篇 | 錯誤 5183 | 速度 1.6/秒 | 剩 ~128 分鐘
[09:09:31]    24800/37308 (66.5%) | 已抓 19606 篇 | 錯誤 5194 | 速度 1.6/秒 | 剩 ~127 分鐘
[09:10:33]    24900/37308 (66.7%) | 已抓 19693 篇 | 錯誤 5207 | 速度 1.6/秒 | 剩 ~126 分鐘
[09:11:34]    25000/37308 (67.0%) | 已抓 19783 篇 | 錯誤 5217 | 速度 1.6/秒 | 剩 ~125 分鐘
[09:12:35]    25100/37308 (67.3%) | 已抓 19851 篇 | 錯誤 5249 | 速度 1.6/秒 | 剩 ~124 分鐘
[09:13:36]    25200/37308 (67.5%) | 已抓 19945 篇 | 錯誤 5255 | 速度 1.6/秒 | 剩 ~123 分鐘
[09:14:39]    25300/37308 (67.8%) | 已抓 20036 篇 | 錯誤 5264 | 速度 1.6/秒 | 剩 ~122 分鐘
[09:15:40]    25400/37308 (68.1%) | 已抓 20116 篇 | 錯誤 5284 | 速度 1.6/秒 | 剩 ~121 分鐘
[09:16:41]    25500/37308 (68.3%) | 已抓 20184 篇 | 錯誤 5316 | 速度 1.6/秒 | 剩 ~120 分鐘
[09:17:44]    25600/37308 (68.6%) | 已抓 20249 篇 | 錯誤 5351 | 速度 1.6/秒 | 剩 ~119 分鐘
[09:18:46]    25700/37308 (68.9%) | 已抓 20336 篇 | 錯誤 5364 | 速度 1.6/秒 | 剩 ~118 分鐘
[09:19:48]    25800/37308 (69.2%) | 已抓 20422 篇 | 錯誤 5378 | 速度 1.6/秒 | 剩 ~117 分鐘
[09:20:51]    25900/37308 (69.4%) | 已抓 20509 篇 | 錯誤 5391 | 速度 1.6/秒 | 剩 ~116 分鐘
[09:21:54]    26000/37308 (69.7%) | 已抓 20597 篇 | 錯誤 5403 | 速度 1.6/秒 | 剩 ~115 分鐘
[09:22:55]    26100/37308 (70.0%) | 已抓 20669 篇 | 錯誤 5431 | 速度 1.6/秒 | 剩 ~114 分鐘
[09:23:55]    26200/37308 (70.2%) | 已抓 20752 篇 | 錯誤 5448 | 速度 1.6/秒 | 剩 ~113 分鐘
[09:24:55]    26300/37308 (70.5%) | 已抓 20835 篇 | 錯誤 5465 | 速度 1.6/秒 | 剩 ~112 分鐘
[09:25:55]    26400/37308 (70.8%) | 已抓 20921 篇 | 錯誤 5479 | 速度 1.6/秒 | 剩 ~111 分鐘
[09:26:56]    26500/37308 (71.0%) | 已抓 20996 篇 | 錯誤 5504 | 速度 1.6/秒 | 剩 ~110 分鐘
[09:27:57]    26600/37308 (71.3%) | 已抓 21087 篇 | 錯誤 5513 | 速度 1.6/秒 | 剩 ~109 分鐘
[09:28:58]    26700/37308 (71.6%) | 已抓 21173 篇 | 錯誤 5527 | 速度 1.6/秒 | 剩 ~108 分鐘
[09:29:58]    26800/37308 (71.8%) | 已抓 21239 篇 | 錯誤 5561 | 速度 1.6/秒 | 剩 ~107 分鐘
[09:30:59]    26900/37308 (72.1%) | 已抓 21316 篇 | 錯誤 5584 | 速度 1.6/秒 | 剩 ~106 分鐘
[09:32:00]    27000/37308 (72.4%) | 已抓 21392 篇 | 錯誤 5608 | 速度 1.6/秒 | 剩 ~105 分鐘
[09:33:01]    27100/37308 (72.6%) | 已抓 21481 篇 | 錯誤 5619 | 速度 1.6/秒 | 剩 ~104 分鐘
[09:34:01]    27200/37308 (72.9%) | 已抓 21568 篇 | 錯誤 5632 | 速度 1.6/秒 | 剩 ~103 分鐘
[09:35:01]    27300/37308 (73.2%) | 已抓 21649 篇 | 錯誤 5651 | 速度 1.6/秒 | 剩 ~102 分鐘
[09:36:00]    27400/37308 (73.4%) | 已抓 21739 篇 | 錯誤 5661 | 速度 1.6/秒 | 剩 ~101 分鐘
[09:36:59]    27500/37308 (73.7%) | 已抓 21830 篇 | 錯誤 5670 | 速度 1.6/秒 | 剩 ~100 分鐘
[09:37:59]    27600/37308 (74.0%) | 已抓 21907 篇 | 錯誤 5693 | 速度 1.6/秒 | 剩 ~99 分鐘
[09:38:58]    27700/37308 (74.2%) | 已抓 21999 篇 | 錯誤 5701 | 速度 1.6/秒 | 剩 ~98 分鐘
[09:39:57]    27800/37308 (74.5%) | 已抓 22088 篇 | 錯誤 5712 | 速度 1.6/秒 | 剩 ~97 分鐘
[09:40:58]    27900/37308 (74.8%) | 已抓 22178 篇 | 錯誤 5722 | 速度 1.6/秒 | 剩 ~96 分鐘
[09:41:58]    28000/37308 (75.1%) | 已抓 22272 篇 | 錯誤 5728 | 速度 1.6/秒 | 剩 ~95 分鐘
[09:43:00]    28100/37308 (75.3%) | 已抓 22363 篇 | 錯誤 5737 | 速度 1.6/秒 | 剩 ~94 分鐘
[09:44:03]    28200/37308 (75.6%) | 已抓 22452 篇 | 錯誤 5748 | 速度 1.6/秒 | 剩 ~93 分鐘
[09:45:04]    28300/37308 (75.9%) | 已抓 22516 篇 | 錯誤 5784 | 速度 1.6/秒 | 剩 ~92 分鐘
[09:46:08]    28400/37308 (76.1%) | 已抓 22576 篇 | 錯誤 5824 | 速度 1.6/秒 | 剩 ~91 分鐘
[09:47:08]    28500/37308 (76.4%) | 已抓 22665 篇 | 錯誤 5835 | 速度 1.6/秒 | 剩 ~90 分鐘
[09:48:11]    28600/37308 (76.7%) | 已抓 22734 篇 | 錯誤 5866 | 速度 1.6/秒 | 剩 ~89 分鐘
[09:49:11]    28700/37308 (76.9%) | 已抓 22827 篇 | 錯誤 5873 | 速度 1.6/秒 | 剩 ~88 分鐘
[09:50:13]    28800/37308 (77.2%) | 已抓 22910 篇 | 錯誤 5890 | 速度 1.6/秒 | 剩 ~87 分鐘
[09:51:14]    28900/37308 (77.5%) | 已抓 22984 篇 | 錯誤 5916 | 速度 1.6/秒 | 剩 ~86 分鐘
[09:52:16]    29000/37308 (77.7%) | 已抓 23054 篇 | 錯誤 5946 | 速度 1.6/秒 | 剩 ~85 分鐘
[09:53:18]    29100/37308 (78.0%) | 已抓 23119 篇 | 錯誤 5981 | 速度 1.6/秒 | 剩 ~84 分鐘
[09:54:21]    29200/37308 (78.3%) | 已抓 23197 篇 | 錯誤 6003 | 速度 1.6/秒 | 剩 ~83 分鐘
[09:55:22]    29300/37308 (78.5%) | 已抓 23272 篇 | 錯誤 6028 | 速度 1.6/秒 | 剩 ~82 分鐘
[09:56:22]    29400/37308 (78.8%) | 已抓 23361 篇 | 錯誤 6039 | 速度 1.6/秒 | 剩 ~81 分鐘
[09:57:26]    29500/37308 (79.1%) | 已抓 23431 篇 | 錯誤 6069 | 速度 1.6/秒 | 剩 ~80 分鐘
[09:58:27]    29600/37308 (79.3%) | 已抓 23507 篇 | 錯誤 6093 | 速度 1.6/秒 | 剩 ~79 分鐘
[09:59:29]    29700/37308 (79.6%) | 已抓 23582 篇 | 錯誤 6118 | 速度 1.6/秒 | 剩 ~78 分鐘
[10:00:31]    29800/37308 (79.9%) | 已抓 23665 篇 | 錯誤 6135 | 速度 1.6/秒 | 剩 ~77 分鐘
[10:01:31]    29900/37308 (80.1%) | 已抓 23744 篇 | 錯誤 6156 | 速度 1.6/秒 | 剩 ~76 分鐘
[10:02:32]    30000/37308 (80.4%) | 已抓 23828 篇 | 錯誤 6172 | 速度 1.6/秒 | 剩 ~74 分鐘
[10:03:32]    30100/37308 (80.7%) | 已抓 23924 篇 | 錯誤 6176 | 速度 1.6/秒 | 剩 ~73 分鐘
[10:04:34]    30200/37308 (80.9%) | 已抓 24013 篇 | 錯誤 6187 | 速度 1.6/秒 | 剩 ~72 分鐘
[10:05:37]    30300/37308 (81.2%) | 已抓 24094 篇 | 錯誤 6206 | 速度 1.6/秒 | 剩 ~71 分鐘
[10:06:39]    30400/37308 (81.5%) | 已抓 24174 篇 | 錯誤 6226 | 速度 1.6/秒 | 剩 ~70 分鐘
[10:07:42]    30500/37308 (81.8%) | 已抓 24261 篇 | 錯誤 6239 | 速度 1.6/秒 | 剩 ~69 分鐘
[10:08:43]    30600/37308 (82.0%) | 已抓 24339 篇 | 錯誤 6261 | 速度 1.6/秒 | 剩 ~68 分鐘
[10:09:45]    30700/37308 (82.3%) | 已抓 24419 篇 | 錯誤 6281 | 速度 1.6/秒 | 剩 ~67 分鐘
[10:10:46]    30800/37308 (82.6%) | 已抓 24494 篇 | 錯誤 6306 | 速度 1.6/秒 | 剩 ~66 分鐘
[10:11:47]    30900/37308 (82.8%) | 已抓 24565 篇 | 錯誤 6335 | 速度 1.6/秒 | 剩 ~65 分鐘
[10:12:50]    31000/37308 (83.1%) | 已抓 24646 篇 | 錯誤 6354 | 速度 1.6/秒 | 剩 ~64 分鐘
[10:13:50]    31100/37308 (83.4%) | 已抓 24726 篇 | 錯誤 6374 | 速度 1.6/秒 | 剩 ~63 分鐘
[10:14:53]    31200/37308 (83.6%) | 已抓 24793 篇 | 錯誤 6407 | 速度 1.6/秒 | 剩 ~62 分鐘
[10:15:56]    31300/37308 (83.9%) | 已抓 24873 篇 | 錯誤 6427 | 速度 1.6/秒 | 剩 ~61 分鐘
[10:16:56]    31400/37308 (84.2%) | 已抓 24956 篇 | 錯誤 6444 | 速度 1.6/秒 | 剩 ~60 分鐘
[10:17:57]    31500/37308 (84.4%) | 已抓 25043 篇 | 錯誤 6457 | 速度 1.6/秒 | 剩 ~59 分鐘
[10:18:59]    31600/37308 (84.7%) | 已抓 25128 篇 | 錯誤 6472 | 速度 1.6/秒 | 剩 ~58 分鐘
[10:20:00]    31700/37308 (85.0%) | 已抓 25196 篇 | 錯誤 6504 | 速度 1.6/秒 | 剩 ~57 分鐘
[10:21:02]    31800/37308 (85.2%) | 已抓 25286 篇 | 錯誤 6514 | 速度 1.6/秒 | 剩 ~56 分鐘
[10:22:03]    31900/37308 (85.5%) | 已抓 25362 篇 | 錯誤 6538 | 速度 1.6/秒 | 剩 ~55 分鐘
[10:23:05]    32000/37308 (85.8%) | 已抓 25434 篇 | 錯誤 6566 | 速度 1.6/秒 | 剩 ~54 分鐘
[10:24:07]    32100/37308 (86.0%) | 已抓 25516 篇 | 錯誤 6584 | 速度 1.6/秒 | 剩 ~53 分鐘
[10:25:09]    32200/37308 (86.3%) | 已抓 25590 篇 | 錯誤 6610 | 速度 1.6/秒 | 剩 ~52 分鐘
[10:26:09]    32300/37308 (86.6%) | 已抓 25678 篇 | 錯誤 6622 | 速度 1.6/秒 | 剩 ~51 分鐘
[10:27:10]    32400/37308 (86.8%) | 已抓 25767 篇 | 錯誤 6633 | 速度 1.6/秒 | 剩 ~50 分鐘
[10:28:12]    32500/37308 (87.1%) | 已抓 25850 篇 | 錯誤 6650 | 速度 1.6/秒 | 剩 ~49 分鐘
[10:29:15]    32600/37308 (87.4%) | 已抓 25933 篇 | 錯誤 6667 | 速度 1.6/秒 | 剩 ~48 分鐘
[10:30:18]    32700/37308 (87.6%) | 已抓 26021 篇 | 錯誤 6679 | 速度 1.6/秒 | 剩 ~47 分鐘
[10:31:21]    32800/37308 (87.9%) | 已抓 26104 篇 | 錯誤 6696 | 速度 1.6/秒 | 剩 ~46 分鐘
[10:32:25]    32900/37308 (88.2%) | 已抓 26173 篇 | 錯誤 6727 | 速度 1.6/秒 | 剩 ~45 分鐘
[10:33:25]    33000/37308 (88.5%) | 已抓 26252 篇 | 錯誤 6748 | 速度 1.6/秒 | 剩 ~44 分鐘
[10:34:26]    33100/37308 (88.7%) | 已抓 26335 篇 | 錯誤 6765 | 速度 1.6/秒 | 剩 ~43 分鐘
[10:35:28]    33200/37308 (89.0%) | 已抓 26406 篇 | 錯誤 6794 | 速度 1.6/秒 | 剩 ~42 分鐘
[10:36:28]    33300/37308 (89.3%) | 已抓 26470 篇 | 錯誤 6830 | 速度 1.6/秒 | 剩 ~41 分鐘
[10:37:28]    33400/37308 (89.5%) | 已抓 26549 篇 | 錯誤 6851 | 速度 1.6/秒 | 剩 ~40 分鐘
[10:38:30]    33500/37308 (89.8%) | 已抓 26640 篇 | 錯誤 6860 | 速度 1.6/秒 | 剩 ~39 分鐘
[10:39:30]    33600/37308 (90.1%) | 已抓 26733 篇 | 錯誤 6867 | 速度 1.6/秒 | 剩 ~38 分鐘
[10:40:32]    33700/37308 (90.3%) | 已抓 26832 篇 | 錯誤 6868 | 速度 1.6/秒 | 剩 ~37 分鐘
[10:41:33]    33800/37308 (90.6%) | 已抓 26915 篇 | 錯誤 6885 | 速度 1.6/秒 | 剩 ~36 分鐘
[10:42:35]    33900/37308 (90.9%) | 已抓 27005 篇 | 錯誤 6895 | 速度 1.6/秒 | 剩 ~35 分鐘
[10:43:37]    34000/37308 (91.1%) | 已抓 27076 篇 | 錯誤 6924 | 速度 1.6/秒 | 剩 ~34 分鐘
[10:44:38]    34100/37308 (91.4%) | 已抓 27150 篇 | 錯誤 6950 | 速度 1.6/秒 | 剩 ~33 分鐘
[10:45:40]    34200/37308 (91.7%) | 已抓 27221 篇 | 錯誤 6979 | 速度 1.6/秒 | 剩 ~32 分鐘
[10:46:40]    34300/37308 (91.9%) | 已抓 27304 篇 | 錯誤 6996 | 速度 1.6/秒 | 剩 ~31 分鐘
[10:47:42]    34400/37308 (92.2%) | 已抓 27368 篇 | 錯誤 7032 | 速度 1.6/秒 | 剩 ~30 分鐘
[10:48:44]    34500/37308 (92.5%) | 已抓 27423 篇 | 錯誤 7077 | 速度 1.6/秒 | 剩 ~29 分鐘
[10:49:45]    34600/37308 (92.7%) | 已抓 27513 篇 | 錯誤 7087 | 速度 1.6/秒 | 剩 ~28 分鐘
[10:50:47]    34700/37308 (93.0%) | 已抓 27602 篇 | 錯誤 7098 | 速度 1.6/秒 | 剩 ~27 分鐘
[10:51:47]    34800/37308 (93.3%) | 已抓 27627 篇 | 錯誤 7173 | 速度 1.6/秒 | 剩 ~26 分鐘
[10:52:47]    34900/37308 (93.5%) | 已抓 27656 篇 | 錯誤 7244 | 速度 1.6/秒 | 剩 ~25 分鐘
[10:53:49]    35000/37308 (93.8%) | 已抓 27665 篇 | 錯誤 7335 | 速度 1.6/秒 | 剩 ~24 分鐘
[10:54:50]    35100/37308 (94.1%) | 已抓 27673 篇 | 錯誤 7427 | 速度 1.6/秒 | 剩 ~23 分鐘
[10:55:51]    35200/37308 (94.3%) | 已抓 27684 篇 | 錯誤 7516 | 速度 1.6/秒 | 剩 ~22 分鐘
[10:56:52]    35300/37308 (94.6%) | 已抓 27698 篇 | 錯誤 7602 | 速度 1.6/秒 | 剩 ~20 分鐘
[10:57:52]    35400/37308 (94.9%) | 已抓 27710 篇 | 錯誤 7690 | 速度 1.6/秒 | 剩 ~19 分鐘
[10:58:53]    35500/37308 (95.2%) | 已抓 27779 篇 | 錯誤 7721 | 速度 1.6/秒 | 剩 ~18 分鐘
[10:59:55]    35600/37308 (95.4%) | 已抓 27831 篇 | 錯誤 7769 | 速度 1.6/秒 | 剩 ~17 分鐘
[11:00:58]    35700/37308 (95.7%) | 已抓 27878 篇 | 錯誤 7822 | 速度 1.6/秒 | 剩 ~16 分鐘
[11:01:59]    35800/37308 (96.0%) | 已抓 27924 篇 | 錯誤 7876 | 速度 1.6/秒 | 剩 ~15 分鐘
[11:03:00]    35900/37308 (96.2%) | 已抓 27963 篇 | 錯誤 7937 | 速度 1.6/秒 | 剩 ~14 分鐘
[11:04:01]    36000/37308 (96.5%) | 已抓 28005 篇 | 錯誤 7995 | 速度 1.6/秒 | 剩 ~13 分鐘
[11:05:02]    36100/37308 (96.8%) | 已抓 28061 篇 | 錯誤 8039 | 速度 1.6/秒 | 剩 ~12 分鐘
[11:06:03]    36200/37308 (97.0%) | 已抓 28127 篇 | 錯誤 8073 | 速度 1.6/秒 | 剩 ~11 分鐘
[11:07:05]    36300/37308 (97.3%) | 已抓 28181 篇 | 錯誤 8119 | 速度 1.6/秒 | 剩 ~10 分鐘
[11:08:06]    36400/37308 (97.6%) | 已抓 28209 篇 | 錯誤 8191 | 速度 1.6/秒 | 剩 ~9 分鐘
[11:09:06]    36500/37308 (97.8%) | 已抓 28280 篇 | 錯誤 8220 | 速度 1.6/秒 | 剩 ~8 分鐘
[11:10:08]    36600/37308 (98.1%) | 已抓 28306 篇 | 錯誤 8294 | 速度 1.6/秒 | 剩 ~7 分鐘
[11:11:09]    36700/37308 (98.4%) | 已抓 28357 篇 | 錯誤 8343 | 速度 1.6/秒 | 剩 ~6 分鐘
[11:12:10]    36800/37308 (98.6%) | 已抓 28424 篇 | 錯誤 8376 | 速度 1.6/秒 | 剩 ~5 分鐘
[11:13:12]    36900/37308 (98.9%) | 已抓 28488 篇 | 錯誤 8412 | 速度 1.6/秒 | 剩 ~4 分鐘
[11:14:13]    37000/37308 (99.2%) | 已抓 28570 篇 | 錯誤 8430 | 速度 1.6/秒 | 剩 ~3 分鐘
[11:15:15]    37100/37308 (99.4%) | 已抓 28610 篇 | 錯誤 8490 | 速度 1.6/秒 | 剩 ~2 分鐘
[11:16:15]    37200/37308 (99.7%) | 已抓 28669 篇 | 錯誤 8531 | 速度 1.6/秒 | 剩 ~1 分鐘
[11:17:15]    37300/37308 (100.0%) | 已抓 28746 篇 | 錯誤 8554 | 速度 1.6/秒 | 剩 ~0 分鐘
[11:17:21] ✅ 建庫完成: 28753 篇
[11:17:21] 🔍 交叉比對: 自建庫 vs CNN Archive
[11:17:21]    自建庫: 28753 篇
[11:17:21]    下載 CNN Archive...
[11:17:22]    CNN Archive: 26286 篇
[11:17:22] 
   📊 比對結果:
[11:17:22]       吻合: 17063 篇
[11:17:22]       只在 CNN: 6687 篇
[11:17:22]       只在自建庫: 5305 篇
[11:17:22]       吻合率: 58.7%
[11:17:22]       判定: PARTIAL
[11:17:22]    💾 報告存入 verify_report.json
